  Generate enclave test key
  Creating proxy/bridge routines
  Enclave.cpp
  Enclave_t.c
     Создается библиотека C:\kripta\lab3_withthehelp\FrontEnd\x64\Simulation\Enclave.lib и объект C:\kripta\lab3_withthehelp\FrontEnd\x64\Simulation\Enclave.exp
  Enclave.vcxproj -> C:\kripta\lab3_withthehelp\FrontEnd\x64\Simulation\Enclave.dll
  sign the enclave
  The required memory is 0x16d000.
  Succeed.
  <EnclaveConfiguration>
      <ProdID>0</ProdID>
      <ISVSVN>0</ISVSVN>
      <StackMaxSize>0x40000</StackMaxSize>
      <HeapMaxSize>0x100000</HeapMaxSize>
      <TCSNum>1</TCSNum>
      <TCSPolicy>1</TCSPolicy>
      <DisableDebug>0</DisableDebug>
      <MiscSelect>0</MiscSelect>
      <MiscMask>0xFFFFFFFF</MiscMask>
  </EnclaveConfiguration>
